Arguments: 
  /opt/homebrew/Cellar/node/17.0.1/bin/node /opt/homebrew/bin/yarn add -D @openzeppelin

PATH: 
  /Users/herbie/.local/share/solana/install/active_release/bin:/opt/homebrew/bin:/opt/homebrew/sbin:/usr/local/bin:/usr/bin:/bin:/usr/sbin:/sbin:/Applications/Wireshark.app/Contents/MacOS:/Users/herbie/.cargo/bin:/Users/herbie/.fig/bin

Yarn version: 
  1.22.17

Node version: 
  17.0.1

Platform: 
  darwin arm64

Trace: 
  Error: https://registry.yarnpkg.com/@openzeppelin: Request "https://registry.yarnpkg.com/@openzeppelin" returned a 405
      at Request.params.callback [as _callback] (/opt/homebrew/lib/node_modules/yarn/lib/cli.js:67038:18)
      at Request.self.callback (/opt/homebrew/lib/node_modules/yarn/lib/cli.js:140883:22)
      at Request.emit (node:events:390:28)
      at Request.<anonymous> (/opt/homebrew/lib/node_modules/yarn/lib/cli.js:141855:10)
      at Request.emit (node:events:390:28)
      at IncomingMessage.<anonymous> (/opt/homebrew/lib/node_modules/yarn/lib/cli.js:141777:12)
      at Object.onceWrapper (node:events:509:28)
      at IncomingMessage.emit (node:events:402:35)
      at endReadableNT (node:internal/streams/readable:1340:12)
      at processTicksAndRejections (node:internal/process/task_queues:83:21)

npm manifest: 
  {
    "name": "hardhat-project",
    "devDependencies": {
      "@nomiclabs/hardhat-ethers": "^2.0.4",
      "@nomiclabs/hardhat-etherscan": "^2.1.8",
      "@nomiclabs/hardhat-waffle": "^2.0.2",
      "@typechain/ethers-v5": "^7.2.0",
      "@typechain/hardhat": "^2.3.1",
      "@types/chai": "^4.3.0",
      "@types/mocha": "^9.1.0",
      "@types/node": "^12.20.42",
      "@typescript-eslint/eslint-plugin": "^4.33.0",
      "@typescript-eslint/parser": "^4.33.0",
      "chai": "^4.3.4",
      "dotenv": "^10.0.0",
      "eslint": "^7.32.0",
      "eslint-config-prettier": "^8.3.0",
      "eslint-config-standard": "^16.0.3",
      "eslint-plugin-import": "^2.25.4",
      "eslint-plugin-node": "^11.1.0",
      "eslint-plugin-prettier": "^3.4.1",
      "eslint-plugin-promise": "^5.2.0",
      "ethereum-waffle": "^3.4.0",
      "ethers": "^5.5.3",
      "hardhat": "^2.8.3",
      "hardhat-gas-reporter": "^1.0.7",
      "prettier": "^2.5.1",
      "prettier-plugin-solidity": "^1.0.0-beta.13",
      "solhint": "^3.3.6",
      "solidity-coverage": "^0.7.18",
      "ts-node": "^10.4.0",
      "typechain": "^5.2.0",
      "typescript": "^4.5.5"
    }
  }

yarn manifest: 
  No manifest

Lockfile: 
  No lockfile
